В момент времени 16.894 транзакт с идентификатором 1 вошёл в модель
В момент времени 16.894 транзакт с идентификатором 1 занял устройство 1
В момент времени 30.741 транзакт с идентификатором 1 освободил устройство 1
В момент времени 30.741 транзакт с идентификатором 1 вышел из модели
В момент времени 41.346 транзакт с идентификатором 2 вошёл в модель
В момент времени 41.346 транзакт с идентификатором 2 занял устройство 1
В момент времени 60.445 транзакт с идентификатором 2 освободил устройство 1
В момент времени 60.445 транзакт с идентификатором 2 вышел из модели
В момент времени 63.071 транзакт с идентификатором 3 вошёл в модель
В момент времени 63.071 транзакт с идентификатором 3 занял устройство 1
В момент времени 78.945 транзакт с идентификатором 4 вошёл в модель
В момент времени 78.945 транзакт с идентификатором 4 занял устройство 2
В момент времени 79.465 транзакт с идентификатором 3 освободил устройство 1
В момент времени 79.465 транзакт с идентификатором 3 вышел из модели
В момент времени 81.497 транзакт с идентификатором 5 вошёл в модель
В момент времени 81.497 транзакт с идентификатором 5 занял устройство 1
В момент времени 84.349 транзакт с идентификатором 6 вошёл в модель
В момент времени 84.349 транзакт с идентификатором 6 встал в очередь 1
В момент времени 94.491 транзакт с идентификатором 7 вошёл в модель
В момент времени 94.491 транзакт с идентификатором 7 встал в очередь 2
В момент времени 99.61 транзакт с идентификатором 5 освободил устройство 1
В момент времени 99.61 транзакт с идентификатором 5 вышел из модели
В момент времени 99.61 транзакт с идентификатором 6 занял устройство 1
В момент времени 100.728 транзакт с идентификатором 4 освободил устройство 2
В момент времени 100.728 транзакт с идентификатором 4 вышел из модели
В момент времени 100.728 транзакт с идентификатором 7 занял устройство 2
В момент времени 109.134 транзакт с идентификатором 8 вошёл в модель
В момент времени 109.134 транзакт с идентификатором 8 встал в очередь 1
В момент времени 116.339 транзакт с идентификатором 6 освободил устройство 1
В момент времени 116.339 транзакт с идентификатором 6 вышел из модели
В момент времени 116.339 транзакт с идентификатором 8 занял устройство 1
В момент времени 117.105 транзакт с идентификатором 7 освободил устройство 2
В момент времени 117.105 транзакт с идентификатором 7 вышел из модели
В момент времени 131.885 транзакт с идентификатором 9 вошёл в модель
В момент времени 131.885 транзакт с идентификатором 9 занял устройство 2
В момент времени 137.25 транзакт с идентификатором 8 освободил устройство 1
В момент времени 137.25 транзакт с идентификатором 8 вышел из модели
В момент времени 147.104 транзакт с идентификатором 10 вошёл в модель
В момент времени 147.104 транзакт с идентификатором 10 занял устройство 1
В момент времени 155.433 транзакт с идентификатором 9 освободил устройство 2
В момент времени 155.433 транзакт с идентификатором 9 вышел из модели
В момент времени 168.745 транзакт с идентификатором 11 вошёл в модель
В момент времени 168.745 транзакт с идентификатором 11 занял устройство 2
В момент времени 169.592 транзакт с идентификатором 10 освободил устройство 1
В момент времени 169.592 транзакт с идентификатором 10 вышел из модели
В момент времени 179.957 транзакт с идентификатором 11 освободил устройство 2
В момент времени 179.957 транзакт с идентификатором 11 вышел из модели
В момент времени 183.832 транзакт с идентификатором 12 вошёл в модель
В момент времени 183.832 транзакт с идентификатором 12 занял устройство 1
В момент времени 196.125 транзакт с идентификатором 12 освободил устройство 1
В момент времени 196.125 транзакт с идентификатором 12 вышел из модели
В момент времени 198.72 транзакт с идентификатором 13 вошёл в модель
В момент времени 198.72 транзакт с идентификатором 13 занял устройство 1
В момент времени 217.165 транзакт с идентификатором 14 вошёл в модель
В момент времени 217.165 транзакт с идентификатором 14 занял устройство 2
В момент времени 217.986 транзакт с идентификатором 13 освободил устройство 1
В момент времени 217.986 транзакт с идентификатором 13 вышел из модели
В момент времени 227.897 транзакт с идентификатором 14 освободил устройство 2
В момент времени 227.897 транзакт с идентификатором 14 вышел из модели
В момент времени 231.621 транзакт с идентификатором 15 вошёл в модель
В момент времени 231.621 транзакт с идентификатором 15 занял устройство 1
В момент времени 243.582 транзакт с идентификатором 16 вошёл в модель
В момент времени 243.582 транзакт с идентификатором 16 занял устройство 2
В момент времени 248.893 транзакт с идентификатором 15 освободил устройство 1
В момент времени 248.893 транзакт с идентификатором 15 вышел из модели
В момент времени 259.743 транзакт с идентификатором 16 освободил устройство 2
В момент времени 259.743 транзакт с идентификатором 16 вышел из модели
В момент времени 268.556 транзакт с идентификатором 17 вошёл в модель
В момент времени 268.556 транзакт с идентификатором 17 занял устройство 1
В момент времени 287.495 транзакт с идентификатором 17 освободил устройство 1
В момент времени 287.495 транзакт с идентификатором 17 вышел из модели
В момент времени 288.617 транзакт с идентификатором 18 вошёл в модель
В момент времени 288.617 транзакт с идентификатором 18 занял устройство 1
В момент времени 290.926 транзакт с идентификатором 19 вошёл в модель
В момент времени 290.926 транзакт с идентификатором 19 занял устройство 2
В момент времени 305.458 транзакт с идентификатором 18 освободил устройство 1
В момент времени 305.458 транзакт с идентификатором 18 вышел из модели
В момент времени 312.679 транзакт с идентификатором 20 вошёл в модель
В момент времени 312.679 транзакт с идентификатором 20 занял устройство 1
В момент времени 313.495 транзакт с идентификатором 19 освободил устройство 2
В момент времени 313.495 транзакт с идентификатором 19 вышел из модели
В момент времени 329.004 транзакт с идентификатором 21 вошёл в модель
В момент времени 329.004 транзакт с идентификатором 21 занял устройство 2
В момент времени 332.066 транзакт с идентификатором 20 освободил устройство 1
В момент времени 332.066 транзакт с идентификатором 20 вышел из модели
В момент времени 349.419 транзакт с идентификатором 22 вошёл в модель
В момент времени 349.419 транзакт с идентификатором 22 занял устройство 1
В момент времени 352.738 транзакт с идентификатором 21 освободил устройство 2
В момент времени 352.738 транзакт с идентификатором 21 вышел из модели
В момент времени 364.278 транзакт с идентификатором 22 освободил устройство 1
В момент времени 364.278 транзакт с идентификатором 22 вышел из модели
В момент времени 373.052 транзакт с идентификатором 23 вошёл в модель
В момент времени 373.052 транзакт с идентификатором 23 занял устройство 1
В момент времени 392.911 транзакт с идентификатором 24 вошёл в модель
В момент времени 392.911 транзакт с идентификатором 24 занял устройство 2
В момент времени 393.813 транзакт с идентификатором 23 освободил устройство 1
В момент времени 393.813 транзакт с идентификатором 23 вышел из модели
В момент времени 403.895 транзакт с идентификатором 25 вошёл в модель
В момент времени 403.895 транзакт с идентификатором 25 занял устройство 1
В момент времени 413.081 транзакт с идентификатором 24 освободил устройство 2
В момент времени 413.081 транзакт с идентификатором 24 вышел из модели
В момент времени 424.431 транзакт с идентификатором 26 вошёл в модель
В момент времени 424.431 транзакт с идентификатором 26 занял устройство 2
В момент времени 426.625 транзакт с идентификатором 25 освободил устройство 1
В момент времени 426.625 транзакт с идентификатором 25 вышел из модели
В момент времени 444.53 транзакт с идентификатором 26 освободил устройство 2
В момент времени 444.53 транзакт с идентификатором 26 вышел из модели
В момент времени 446.76 транзакт с идентификатором 27 вошёл в модель
В момент времени 446.76 транзакт с идентификатором 27 занял устройство 1
В момент времени 453.995 транзакт с идентификатором 28 вошёл в модель
В момент времени 453.995 транзакт с идентификатором 28 занял устройство 2
В момент времени 464.334 транзакт с идентификатором 29 вошёл в модель
В момент времени 464.334 транзакт с идентификатором 29 встал в очередь 1
В момент времени 465.706 транзакт с идентификатором 27 освободил устройство 1
В момент времени 465.706 транзакт с идентификатором 27 вышел из модели
В момент времени 465.706 транзакт с идентификатором 29 занял устройство 1
В момент времени 468.718 транзакт с идентификатором 28 освободил устройство 2
В момент времени 468.718 транзакт с идентификатором 28 вышел из модели
В момент времени 474.665 транзакт с идентификатором 30 вошёл в модель
В момент времени 474.665 транзакт с идентификатором 30 занял устройство 2
В момент времени 486.691 транзакт с идентификатором 31 вошёл в модель
В момент времени 486.691 транзакт с идентификатором 31 встал в очередь 1
В момент времени 487.335 транзакт с идентификатором 29 освободил устройство 1
В момент времени 487.335 транзакт с идентификатором 29 вышел из модели
В момент времени 487.335 транзакт с идентификатором 31 занял устройство 1
В момент времени 490.347 транзакт с идентификатором 30 освободил устройство 2
В момент времени 490.347 транзакт с идентификатором 30 вышел из модели
В момент времени 504.053 транзакт с идентификатором 31 освободил устройство 1
В момент времени 504.053 транзакт с идентификатором 31 вышел из модели
В момент времени 504.899 транзакт с идентификатором 32 вошёл в модель
В момент времени 504.899 транзакт с идентификатором 32 занял устройство 1
В момент времени 508.386 транзакт с идентификатором 33 вошёл в модель
В момент времени 508.386 транзакт с идентификатором 33 занял устройство 2
В момент времени 509.165 транзакт с идентификатором 34 вошёл в модель
В момент времени 509.165 транзакт с идентификатором 34 встал в очередь 1
В момент времени 509.737 транзакт с идентификатором 35 вошёл в модель
В момент времени 509.737 транзакт с идентификатором 35 встал в очередь 2
В момент времени 518.134 транзакт с идентификатором 33 освободил устройство 2
В момент времени 518.134 транзакт с идентификатором 33 вышел из модели
В момент времени 518.134 транзакт с идентификатором 35 занял устройство 2
В момент времени 519.958 транзакт с идентификатором 36 вошёл в модель
В момент времени 519.958 транзакт с идентификатором 36 встал в очередь 2
В момент времени 520.673 транзакт с идентификатором 32 освободил устройство 1
В момент времени 520.673 транзакт с идентификатором 32 вышел из модели
В момент времени 520.673 транзакт с идентификатором 34 занял устройство 1
В момент времени 526.162 транзакт с идентификатором 37 вошёл в модель
В момент времени 526.162 транзакт с идентификатором 37 встал в очередь 1
В момент времени 535.69 транзакт с идентификатором 34 освободил устройство 1
В момент времени 535.69 транзакт с идентификатором 34 вышел из модели
В момент времени 535.69 транзакт с идентификатором 37 занял устройство 1
В момент времени 541.676 транзакт с идентификатором 35 освободил устройство 2
В момент времени 541.676 транзакт с идентификатором 35 вышел из модели
В момент времени 541.676 транзакт с идентификатором 36 занял устройство 2
В момент времени 544.942 транзакт с идентификатором 38 вошёл в модель
В момент времени 544.942 транзакт с идентификатором 38 встал в очередь 1
В момент времени 547.34 транзакт с идентификатором 37 освободил устройство 1
В момент времени 547.34 транзакт с идентификатором 37 вышел из модели
В момент времени 547.34 транзакт с идентификатором 38 занял устройство 1
В момент времени 551.965 транзакт с идентификатором 39 вошёл в модель
В момент времени 551.965 транзакт с идентификатором 39 встал в очередь 1
В момент времени 558.174 транзакт с идентификатором 40 вошёл в модель
В момент времени 558.174 транзакт с идентификатором 40 встал в очередь 2
В момент времени 559.918 транзакт с идентификатором 36 освободил устройство 2
В момент времени 559.918 транзакт с идентификатором 36 вышел из модели
В момент времени 559.918 транзакт с идентификатором 40 занял устройство 2
В момент времени 570.467 транзакт с идентификатором 38 освободил устройство 1
В момент времени 570.467 транзакт с идентификатором 38 вышел из модели
В момент времени 570.467 транзакт с идентификатором 39 занял устройство 1
В момент времени 580.135 транзакт с идентификатором 41 вошёл в модель
В момент времени 580.135 транзакт с идентификатором 41 встал в очередь 1
В момент времени 581.658 транзакт с идентификатором 39 освободил устройство 1
В момент времени 581.658 транзакт с идентификатором 39 вышел из модели
В момент времени 581.658 транзакт с идентификатором 41 занял устройство 1
В момент времени 584.467 транзакт с идентификатором 40 освободил устройство 2
В момент времени 584.467 транзакт с идентификатором 40 вышел из модели
В момент времени 602.507 транзакт с идентификатором 41 освободил устройство 1
В момент времени 602.507 транзакт с идентификатором 41 вышел из модели
В момент времени 604.31 транзакт с идентификатором 42 вошёл в модель
В момент времени 604.31 транзакт с идентификатором 42 занял устройство 1
В момент времени 626.928 транзакт с идентификатором 43 вошёл в модель
В момент времени 626.928 транзакт с идентификатором 43 занял устройство 2
В момент времени 627.093 транзакт с идентификатором 42 освободил устройство 1
В момент времени 627.093 транзакт с идентификатором 42 вышел из модели
В момент времени 649.224 транзакт с идентификатором 44 вошёл в модель
В момент времени 649.224 транзакт с идентификатором 44 занял устройство 1
В момент времени 650.524 транзакт с идентификатором 45 вошёл в модель
В момент времени 650.524 транзакт с идентификатором 45 встал в очередь 1
В момент времени 650.807 транзакт с идентификатором 43 освободил устройство 2
В момент времени 650.807 транзакт с идентификатором 43 вышел из модели
В момент времени 668.361 транзакт с идентификатором 46 вошёл в модель
В момент времени 668.361 транзакт с идентификатором 46 занял устройство 2
В момент времени 670.589 транзакт с идентификатором 44 освободил устройство 1
В момент времени 670.589 транзакт с идентификатором 44 вышел из модели
В момент времени 670.589 транзакт с идентификатором 45 занял устройство 1
В момент времени 679.228 транзакт с идентификатором 47 вошёл в модель
В момент времени 679.228 транзакт с идентификатором 47 встал в очередь 1
В момент времени 680.605 транзакт с идентификатором 48 вошёл в модель
В момент времени 680.605 транзакт с идентификатором 48 встал в очередь 2
В момент времени 683.017 транзакт с идентификатором 49 вошёл в модель
В момент времени 683.017 транзакт с идентификатором 49 встал в очередь 1
В момент времени 683.412 транзакт с идентификатором 46 освободил устройство 2
В момент времени 683.412 транзакт с идентификатором 46 вышел из модели
В момент времени 683.412 транзакт с идентификатором 48 занял устройство 2
В момент времени 684.68 транзакт с идентификатором 45 освободил устройство 1
В момент времени 684.68 транзакт с идентификатором 45 вышел из модели
В момент времени 684.68 транзакт с идентификатором 47 занял устройство 1
В момент времени 686.869 транзакт с идентификатором 50 вошёл в модель
В момент времени 686.869 транзакт с идентификатором 50 встал в очередь 2
В момент времени 690.995 транзакт с идентификатором 51 вошёл в модель
В момент времени 690.995 транзакт с идентификатором 51 встал в очередь 1
В момент времени 696.339 транзакт с идентификатором 48 освободил устройство 2
В момент времени 696.339 транзакт с идентификатором 48 вышел из модели
В момент времени 696.339 транзакт с идентификатором 50 занял устройство 2
В момент времени 697.606 транзакт с идентификатором 47 освободил устройство 1
В момент времени 697.606 транзакт с идентификатором 47 вышел из модели
В момент времени 697.606 транзакт с идентификатором 49 занял устройство 1
В момент времени 703.546 транзакт с идентификатором 52 вошёл в модель
В момент времени 703.546 транзакт с идентификатором 52 встал в очередь 2
В момент времени 706.079 транзакт с идентификатором 50 освободил устройство 2
В момент времени 706.079 транзакт с идентификатором 50 вышел из модели
В момент времени 706.079 транзакт с идентификатором 52 занял устройство 2
В момент времени 709.524 транзакт с идентификатором 49 освободил устройство 1
В момент времени 709.524 транзакт с идентификатором 49 вышел из модели
В момент времени 709.524 транзакт с идентификатором 51 занял устройство 1
В момент времени 714.928 транзакт с идентификатором 53 вошёл в модель
В момент времени 714.928 транзакт с идентификатором 53 встал в очередь 1
В момент времени 718.505 транзакт с идентификатором 54 вошёл в модель
В момент времени 718.505 транзакт с идентификатором 54 встал в очередь 2
В момент времени 719.543 транзакт с идентификатором 52 освободил устройство 2
В момент времени 719.543 транзакт с идентификатором 52 вышел из модели
В момент времени 719.543 транзакт с идентификатором 54 занял устройство 2
В момент времени 722.879 транзакт с идентификатором 51 освободил устройство 1
В момент времени 722.879 транзакт с идентификатором 51 вышел из модели
В момент времени 722.879 транзакт с идентификатором 53 занял устройство 1
В момент времени 728.018 транзакт с идентификатором 55 вошёл в модель
В момент времени 728.018 транзакт с идентификатором 55 встал в очередь 1
В момент времени 736.751 транзакт с идентификатором 53 освободил устройство 1
В момент времени 736.751 транзакт с идентификатором 53 вышел из модели
В момент времени 736.751 транзакт с идентификатором 55 занял устройство 1
В момент времени 740.833 транзакт с идентификатором 54 освободил устройство 2
В момент времени 740.833 транзакт с идентификатором 54 вышел из модели
В момент времени 745.378 транзакт с идентификатором 56 вошёл в модель
В момент времени 745.378 транзакт с идентификатором 56 занял устройство 2
В момент времени 756.696 транзакт с идентификатором 55 освободил устройство 1
В момент времени 756.696 транзакт с идентификатором 55 вышел из модели
В момент времени 758.618 транзакт с идентификатором 56 освободил устройство 2
В момент времени 758.618 транзакт с идентификатором 56 вышел из модели
В момент времени 769.969 транзакт с идентификатором 57 вошёл в модель
В момент времени 769.969 транзакт с идентификатором 57 занял устройство 1
В момент времени 785.322 транзакт с идентификатором 57 освободил устройство 1
В момент времени 785.322 транзакт с идентификатором 57 вышел из модели
В момент времени 789.901 транзакт с идентификатором 58 вошёл в модель
В момент времени 789.901 транзакт с идентификатором 58 занял устройство 1
В момент времени 812.292 транзакт с идентификатором 59 вошёл в модель
В момент времени 812.292 транзакт с идентификатором 59 занял устройство 2
В момент времени 812.419 транзакт с идентификатором 58 освободил устройство 1
В момент времени 812.419 транзакт с идентификатором 58 вышел из модели
В момент времени 825.352 транзакт с идентификатором 59 освободил устройство 2
В момент времени 825.352 транзакт с идентификатором 59 вышел из модели
В момент времени 836.716 транзакт с идентификатором 60 вошёл в модель
В момент времени 836.716 транзакт с идентификатором 60 занял устройство 1
В момент времени 843.893 транзакт с идентификатором 61 вошёл в модель
В момент времени 843.893 транзакт с идентификатором 61 занял устройство 2
В момент времени 850.172 транзакт с идентификатором 60 освободил устройство 1
В момент времени 850.172 транзакт с идентификатором 60 вышел из модели
В момент времени 854.784 транзакт с идентификатором 61 освободил устройство 2
В момент времени 854.784 транзакт с идентификатором 61 вышел из модели
В момент времени 861.074 транзакт с идентификатором 62 вошёл в модель
В момент времени 861.074 транзакт с идентификатором 62 занял устройство 1
В момент времени 865.922 транзакт с идентификатором 63 вошёл в модель
В момент времени 865.922 транзакт с идентификатором 63 занял устройство 2
В момент времени 881.612 транзакт с идентификатором 63 освободил устройство 2
В момент времени 881.612 транзакт с идентификатором 63 вышел из модели
В момент времени 884.072 транзакт с идентификатором 62 освободил устройство 1
В момент времени 884.072 транзакт с идентификатором 62 вышел из модели
В момент времени 886.844 транзакт с идентификатором 64 вошёл в модель
В момент времени 886.844 транзакт с идентификатором 64 занял устройство 1
В момент времени 901.997 транзакт с идентификатором 65 вошёл в модель
В момент времени 901.997 транзакт с идентификатором 65 занял устройство 2
В момент времени 906.213 транзакт с идентификатором 64 освободил устройство 1
В момент времени 906.213 транзакт с идентификатором 64 вышел из модели
В момент времени 912.329 транзакт с идентификатором 66 вошёл в модель
В момент времени 912.329 транзакт с идентификатором 66 занял устройство 1
В момент времени 914.284 транзакт с идентификатором 65 освободил устройство 2
В момент времени 914.284 транзакт с идентификатором 65 вышел из модели
В момент времени 933.087 транзакт с идентификатором 66 освободил устройство 1
В момент времени 933.087 транзакт с идентификатором 66 вышел из модели
В момент времени 935.922 транзакт с идентификатором 67 вошёл в модель
В момент времени 935.922 транзакт с идентификатором 67 занял устройство 1
В момент времени 955.419 транзакт с идентификатором 67 освободил устройство 1
В момент времени 955.419 транзакт с идентификатором 67 вышел из модели
В момент времени 956.617 транзакт с идентификатором 68 вошёл в модель
В момент времени 956.617 транзакт с идентификатором 68 занял устройство 1
В момент времени 972.119 транзакт с идентификатором 68 освободил устройство 1
В момент времени 972.119 транзакт с идентификатором 68 вышел из модели
В момент времени 981.308 транзакт с идентификатором 69 вошёл в модель
В момент времени 981.308 транзакт с идентификатором 69 занял устройство 1
В момент времени 982.234 транзакт с идентификатором 70 вошёл в модель
В момент времени 982.234 транзакт с идентификатором 70 занял устройство 2
В момент времени 992.513 транзакт с идентификатором 70 освободил устройство 2
В момент времени 992.513 транзакт с идентификатором 70 вышел из модели
В момент времени 993.575 транзакт с идентификатором 69 освободил устройство 1
В момент времени 993.575 транзакт с идентификатором 69 вышел из модели
В момент времени 1007.21 транзакт с идентификатором 71 вошёл в модель
В момент времени 1007.21 транзакт с идентификатором 71 занял устройство 1
В момент времени 1007.814 транзакт с идентификатором 72 вошёл в модель
В момент времени 1007.814 транзакт с идентификатором 72 занял устройство 2
В момент времени 1016.93 транзакт с идентификатором 72 освободил устройство 2
В момент времени 1016.93 транзакт с идентификатором 72 вышел из модели
В момент времени 1017.177 транзакт с идентификатором 73 вошёл в модель
В момент времени 1017.177 транзакт с идентификатором 73 занял устройство 2
В момент времени 1029.371 транзакт с идентификатором 73 освободил устройство 2
В момент времени 1029.371 транзакт с идентификатором 73 вышел из модели
В момент времени 1030.129 транзакт с идентификатором 71 освободил устройство 1
В момент времени 1030.129 транзакт с идентификатором 71 вышел из модели
В момент времени 1037.737 транзакт с идентификатором 74 вошёл в модель
В момент времени 1037.737 транзакт с идентификатором 74 занял устройство 1
В момент времени 1042.86 транзакт с идентификатором 75 вошёл в модель
В момент времени 1042.86 транзакт с идентификатором 75 занял устройство 2
В момент времени 1056.735 транзакт с идентификатором 75 освободил устройство 2
В момент времени 1056.735 транзакт с идентификатором 75 вышел из модели
В момент времени 1059.156 транзакт с идентификатором 74 освободил устройство 1
В момент времени 1059.156 транзакт с идентификатором 74 вышел из модели
В момент времени 1063.434 транзакт с идентификатором 76 вошёл в модель
В момент времени 1063.434 транзакт с идентификатором 76 занял устройство 1
В момент времени 1081.556 транзакт с идентификатором 77 вошёл в модель
В момент времени 1081.556 транзакт с идентификатором 77 занял устройство 2
В момент времени 1085.828 транзакт с идентификатором 76 освободил устройство 1
В момент времени 1085.828 транзакт с идентификатором 76 вышел из модели
В момент времени 1095.751 транзакт с идентификатором 77 освободил устройство 2
В момент времени 1095.751 транзакт с идентификатором 77 вышел из модели
В момент времени 1105.187 транзакт с идентификатором 78 вошёл в модель
В момент времени 1105.187 транзакт с идентификатором 78 занял устройство 1
В момент времени 1114.334 транзакт с идентификатором 79 вошёл в модель
В момент времени 1114.334 транзакт с идентификатором 79 занял устройство 2
В момент времени 1116.068 транзакт с идентификатором 80 вошёл в модель
В момент времени 1116.068 транзакт с идентификатором 80 встал в очередь 1
В момент времени 1120.28 транзакт с идентификатором 81 вошёл в модель
В момент времени 1120.28 транзакт с идентификатором 81 встал в очередь 2
В момент времени 1128.361 транзакт с идентификатором 78 освободил устройство 1
В момент времени 1128.361 транзакт с идентификатором 78 вышел из модели
В момент времени 1128.361 транзакт с идентификатором 80 занял устройство 1
В момент времени 1136.895 транзакт с идентификатором 79 освободил устройство 2
В момент времени 1136.895 транзакт с идентификатором 79 вышел из модели
В момент времени 1136.895 транзакт с идентификатором 81 занял устройство 2
В момент времени 1143.064 транзакт с идентификатором 82 вошёл в модель
В момент времени 1143.064 транзакт с идентификатором 82 встал в очередь 1
В момент времени 1146.506 транзакт с идентификатором 80 освободил устройство 1
В момент времени 1146.506 транзакт с идентификатором 80 вышел из модели
В момент времени 1146.506 транзакт с идентификатором 82 занял устройство 1
В момент времени 1154.606 транзакт с идентификатором 81 освободил устройство 2
В момент времени 1154.606 транзакт с идентификатором 81 вышел из модели
В момент времени 1159.266 транзакт с идентификатором 83 вошёл в модель
В момент времени 1159.266 транзакт с идентификатором 83 занял устройство 2
В момент времени 1163.69 транзакт с идентификатором 82 освободил устройство 1
В момент времени 1163.69 транзакт с идентификатором 82 вышел из модели
В момент времени 1171.073 транзакт с идентификатором 84 вошёл в модель
В момент времени 1171.073 транзакт с идентификатором 84 занял устройство 1
В момент времени 1175.893 транзакт с идентификатором 85 вошёл в модель
В момент времени 1175.893 транзакт с идентификатором 85 встал в очередь 1
В момент времени 1177.223 транзакт с идентификатором 86 вошёл в модель
В момент времени 1177.223 транзакт с идентификатором 86 встал в очередь 2
В момент времени 1178.325 транзакт с идентификатором 87 вошёл в модель
В момент времени 1178.325 транзакт с идентификатором 87 встал в очередь 1
В момент времени 1181.974 транзакт с идентификатором 83 освободил устройство 2
В момент времени 1181.974 транзакт с идентификатором 83 вышел из модели
В момент времени 1181.974 транзакт с идентификатором 86 занял устройство 2
В момент времени 1183.087 транзакт с идентификатором 88 вошёл в модель
В момент времени 1183.087 транзакт с идентификатором 88 встал в очередь 2
В момент времени 1184.44 транзакт с идентификатором 89 вошёл в модель
В момент времени 1184.44 транзакт с идентификатором 89 встал в очередь 2
В момент времени 1191.154 транзакт с идентификатором 84 освободил устройство 1
В момент времени 1191.154 транзакт с идентификатором 84 вышел из модели
В момент времени 1191.154 транзакт с идентификатором 85 занял устройство 1
В момент времени 1192.924 транзакт с идентификатором 86 освободил устройство 2
В момент времени 1192.924 транзакт с идентификатором 86 вышел из модели
В момент времени 1192.924 транзакт с идентификатором 88 занял устройство 2
В момент времени 1194.145 транзакт с идентификатором 90 вошёл в модель
В момент времени 1194.145 транзакт с идентификатором 90 встал в очередь 1
В момент времени 1199.683 транзакт с идентификатором 91 вошёл в модель
В момент времени 1199.683 транзакт с идентификатором 91 встал в очередь 2
В момент времени 1204.248 транзакт с идентификатором 88 освободил устройство 2
В момент времени 1204.248 транзакт с идентификатором 88 вышел из модели
В момент времени 1204.248 транзакт с идентификатором 89 занял устройство 2
В момент времени 1205.287 транзакт с идентификатором 85 освободил устройство 1
В момент времени 1205.287 транзакт с идентификатором 85 вышел из модели
В момент времени 1205.287 транзакт с идентификатором 87 занял устройство 1
В момент времени 1213.229 транзакт с идентификатором 92 вошёл в модель
В момент времени 1213.229 транзакт с идентификатором 92 встал в очередь 1
В момент времени 1218.174 транзакт с идентификатором 89 освободил устройство 2
В момент времени 1218.174 транзакт с идентификатором 89 вышел из модели
В момент времени 1218.174 транзакт с идентификатором 91 занял устройство 2
В момент времени 1225.775 транзакт с идентификатором 93 вошёл в модель
В момент времени 1225.775 транзакт с идентификатором 93 встал в очередь 2
В момент времени 1229.457 транзакт с идентификатором 87 освободил устройство 1
В момент времени 1229.457 транзакт с идентификатором 87 вышел из модели
В момент времени 1229.457 транзакт с идентификатором 90 занял устройство 1
В момент времени 1230.033 транзакт с идентификатором 94 вошёл в модель
В момент времени 1230.033 транзакт с идентификатором 94 встал в очередь 1
В момент времени 1236.616 транзакт с идентификатором 91 освободил устройство 2
В момент времени 1236.616 транзакт с идентификатором 91 вышел из модели
В момент времени 1236.616 транзакт с идентификатором 93 занял устройство 2
В момент времени 1243.099 транзакт с идентификатором 95 вошёл в модель
В момент времени 1243.099 транзакт с идентификатором 95 встал в очередь 2
В момент времени 1247.064 транзакт с идентификатором 90 освободил устройство 1
В момент времени 1247.064 транзакт с идентификатором 90 вышел из модели
В момент времени 1247.064 транзакт с идентификатором 92 занял устройство 1
В момент времени 1248.409 транзакт с идентификатором 96 вошёл в модель
В момент времени 1248.409 транзакт с идентификатором 96 встал в очередь 1
В момент времени 1258.709 транзакт с идентификатором 93 освободил устройство 2
В момент времени 1258.709 транзакт с идентификатором 93 вышел из модели
В момент времени 1258.709 транзакт с идентификатором 95 занял устройство 2
В момент времени 1263.488 транзакт с идентификатором 97 вошёл в модель
В момент времени 1263.488 транзакт с идентификатором 97 встал в очередь 2
В момент времени 1265.92 транзакт с идентификатором 92 освободил устройство 1
В момент времени 1265.92 транзакт с идентификатором 92 вышел из модели
В момент времени 1265.92 транзакт с идентификатором 94 занял устройство 1
В момент времени 1270.642 транзакт с идентификатором 95 освободил устройство 2
В момент времени 1270.642 транзакт с идентификатором 95 вышел из модели
В момент времени 1270.642 транзакт с идентификатором 97 занял устройство 2
В момент времени 1277.596 транзакт с идентификатором 98 вошёл в модель
В момент времени 1277.596 транзакт с идентификатором 98 встал в очередь 2
В момент времени 1280.115 транзакт с идентификатором 94 освободил устройство 1
В момент времени 1280.115 транзакт с идентификатором 94 вышел из модели
В момент времени 1280.115 транзакт с идентификатором 96 занял устройство 1
В момент времени 1293.643 транзакт с идентификатором 96 освободил устройство 1
В момент времени 1293.643 транзакт с идентификатором 96 вышел из модели
В момент времени 1293.991 транзакт с идентификатором 97 освободил устройство 2
В момент времени 1293.991 транзакт с идентификатором 97 вышел из модели
В момент времени 1293.991 транзакт с идентификатором 98 занял устройство 2
В момент времени 1295.687 транзакт с идентификатором 99 вошёл в модель
В момент времени 1295.687 транзакт с идентификатором 99 занял устройство 1
В момент времени 1302.74 транзакт с идентификатором 100 вошёл в модель
В момент времени 1302.74 транзакт с идентификатором 100 встал в очередь 1
В момент времени 1303.059 транзакт с идентификатором 101 вошёл в модель
В момент времени 1303.059 транзакт с идентификатором 101 встал в очередь 2
В момент времени 1308.254 транзакт с идентификатором 98 освободил устройство 2
В момент времени 1308.254 транзакт с идентификатором 98 вышел из модели
В момент времени 1308.254 транзакт с идентификатором 101 занял устройство 2
В момент времени 1313.2 транзакт с идентификатором 102 вошёл в модель
В момент времени 1313.2 транзакт с идентификатором 102 встал в очередь 2
В момент времени 1315.277 транзакт с идентификатором 99 освободил устройство 1
В момент времени 1315.277 транзакт с идентификатором 99 вышел из модели
В момент времени 1315.277 транзакт с идентификатором 100 занял устройство 1
В момент времени 1325.118 транзакт с идентификатором 103 вошёл в модель
В момент времени 1325.118 транзакт с идентификатором 103 встал в очередь 1
В момент времени 1326.869 транзакт с идентификатором 104 вошёл в модель
В момент времени 1326.869 транзакт с идентификатором 104 встал в очередь 1
В момент времени 1326.975 транзакт с идентификатором 101 освободил устройство 2
В момент времени 1326.975 транзакт с идентификатором 101 вышел из модели
В момент времени 1326.975 транзакт с идентификатором 102 занял устройство 2
В момент времени 1331.258 транзакт с идентификатором 100 освободил устройство 1
В момент времени 1331.258 транзакт с идентификатором 100 вышел из модели
В момент времени 1331.258 транзакт с идентификатором 103 занял устройство 1
В момент времени 1338.909 транзакт с идентификатором 105 вошёл в модель
В момент времени 1338.909 транзакт с идентификатором 105 встал в очередь 2
В момент времени 1340.951 транзакт с идентификатором 102 освободил устройство 2
В момент времени 1340.951 транзакт с идентификатором 102 вышел из модели
В момент времени 1340.951 транзакт с идентификатором 105 занял устройство 2
В момент времени 1352.904 транзакт с идентификатором 103 освободил устройство 1
В момент времени 1352.904 транзакт с идентификатором 103 вышел из модели
В момент времени 1352.904 транзакт с идентификатором 104 занял устройство 1
В момент времени 1361.92 транзакт с идентификатором 105 освободил устройство 2
В момент времени 1361.92 транзакт с идентификатором 105 вышел из модели
В момент времени 1362.408 транзакт с идентификатором 106 вошёл в модель
В момент времени 1362.408 транзакт с идентификатором 106 занял устройство 2
В момент времени 1370.527 транзакт с идентификатором 104 освободил устройство 1
В момент времени 1370.527 транзакт с идентификатором 104 вышел из модели
В момент времени 1372.611 транзакт с идентификатором 106 освободил устройство 2
В момент времени 1372.611 транзакт с идентификатором 106 вышел из модели
В момент времени 1375.98 транзакт с идентификатором 107 вошёл в модель
В момент времени 1375.98 транзакт с идентификатором 107 занял устройство 1
В момент времени 1378.325 транзакт с идентификатором 108 вошёл в модель
В момент времени 1378.325 транзакт с идентификатором 108 занял устройство 2
В момент времени 1390.029 транзакт с идентификатором 109 вошёл в модель
В момент времени 1390.029 транзакт с идентификатором 109 встал в очередь 1
В момент времени 1396.275 транзакт с идентификатором 107 освободил устройство 1
В момент времени 1396.275 транзакт с идентификатором 107 вышел из модели
В момент времени 1396.275 транзакт с идентификатором 109 занял устройство 1
В момент времени 1403.101 транзакт с идентификатором 110 вошёл в модель
В момент времени 1403.101 транзакт с идентификатором 110 встал в очередь 1
В момент времени 1403.315 транзакт с идентификатором 108 освободил устройство 2
В момент времени 1403.315 транзакт с идентификатором 108 вышел из модели
В момент времени 1408.202 транзакт с идентификатором 111 вошёл в модель
В момент времени 1408.202 транзакт с идентификатором 111 занял устройство 2
В момент времени 1419.722 транзакт с идентификатором 109 освободил устройство 1
В момент времени 1419.722 транзакт с идентификатором 109 вышел из модели
В момент времени 1419.722 транзакт с идентификатором 110 занял устройство 1
В момент времени 1426.437 транзакт с идентификатором 112 вошёл в модель
В момент времени 1426.437 транзакт с идентификатором 112 встал в очередь 1
В момент времени 1433.019 транзакт с идентификатором 111 освободил устройство 2
В момент времени 1433.019 транзакт с идентификатором 111 вышел из модели
В момент времени 1433.106 транзакт с идентификатором 113 вошёл в модель
В момент времени 1433.106 транзакт с идентификатором 113 занял устройство 2
В момент времени 1433.716 транзакт с идентификатором 110 освободил устройство 1
В момент времени 1433.716 транзакт с идентификатором 110 вышел из модели
В момент времени 1433.716 транзакт с идентификатором 112 занял устройство 1
В момент времени 1444.852 транзакт с идентификатором 112 освободил устройство 1
В момент времени 1444.852 транзакт с идентификатором 112 вышел из модели
В момент времени 1446.189 транзакт с идентификатором 114 вошёл в модель
В момент времени 1446.189 транзакт с идентификатором 114 занял устройство 1
В момент времени 1447.983 транзакт с идентификатором 113 освободил устройство 2
В момент времени 1447.983 транзакт с идентификатором 113 вышел из модели
В момент времени 1456.62 транзакт с идентификатором 115 вошёл в модель
В момент времени 1456.62 транзакт с идентификатором 115 занял устройство 2
В момент времени 1457.28 транзакт с идентификатором 114 освободил устройство 1
В момент времени 1457.28 транзакт с идентификатором 114 вышел из модели
В момент времени 1458.325 транзакт с идентификатором 116 вошёл в модель
В момент времени 1458.325 транзакт с идентификатором 116 занял устройство 1
В момент времени 1468.768 транзакт с идентификатором 117 вошёл в модель
В момент времени 1468.768 транзакт с идентификатором 117 встал в очередь 1
В момент времени 1472.94 транзакт с идентификатором 116 освободил устройство 1
В момент времени 1472.94 транзакт с идентификатором 116 вышел из модели
В момент времени 1472.94 транзакт с идентификатором 117 занял устройство 1
В момент времени 1476.009 транзакт с идентификатором 115 освободил устройство 2
В момент времени 1476.009 транзакт с идентификатором 115 вышел из модели
В момент времени 1483.152 транзакт с идентификатором 118 вошёл в модель
В момент времени 1483.152 транзакт с идентификатором 118 занял устройство 2
В момент времени 1490.385 транзакт с идентификатором 117 освободил устройство 1
В момент времени 1490.385 транзакт с идентификатором 117 вышел из модели
В момент времени 1496.131 транзакт с идентификатором 119 вошёл в модель
В момент времени 1496.131 транзакт с идентификатором 119 занял устройство 1
В момент времени 1497.945 транзакт с идентификатором 118 освободил устройство 2
В момент времени 1497.945 транзакт с идентификатором 118 вышел из модели
В момент времени 1508.539 транзакт с идентификатором 119 освободил устройство 1
В момент времени 1508.539 транзакт с идентификатором 119 вышел из модели
В момент времени 1519.393 транзакт с идентификатором 120 вошёл в модель
В момент времени 1519.393 транзакт с идентификатором 120 занял устройство 1
В момент времени 1535.211 транзакт с идентификатором 120 освободил устройство 1
В момент времени 1535.211 транзакт с идентификатором 120 вышел из модели
В момент времени 1536.109 транзакт с идентификатором 121 вошёл в модель
В момент времени 1536.109 транзакт с идентификатором 121 занял устройство 1
В момент времени 1540.296 транзакт с идентификатором 122 вошёл в модель
В момент времени 1540.296 транзакт с идентификатором 122 занял устройство 2
В момент времени 1552.56 транзакт с идентификатором 122 освободил устройство 2
В момент времени 1552.56 транзакт с идентификатором 122 вышел из модели
В момент времени 1556.453 транзакт с идентификатором 121 освободил устройство 1
В момент времени 1556.453 транзакт с идентификатором 121 вышел из модели
В момент времени 1560.469 транзакт с идентификатором 123 вошёл в модель
В момент времени 1560.469 транзакт с идентификатором 123 занял устройство 1
В момент времени 1564.854 транзакт с идентификатором 124 вошёл в модель
В момент времени 1564.854 транзакт с идентификатором 124 занял устройство 2
В момент времени 1570.607 транзакт с идентификатором 125 вошёл в модель
В момент времени 1570.607 транзакт с идентификатором 125 встал в очередь 1
В момент времени 1571.382 транзакт с идентификатором 126 вошёл в модель
В момент времени 1571.382 транзакт с идентификатором 126 встал в очередь 2
В момент времени 1575.495 транзакт с идентификатором 124 освободил устройство 2
В момент времени 1575.495 транзакт с идентификатором 124 вышел из модели
В момент времени 1575.495 транзакт с идентификатором 126 занял устройство 2
В момент времени 1579.567 транзакт с идентификатором 123 освободил устройство 1
В момент времени 1579.567 транзакт с идентификатором 123 вышел из модели
В момент времени 1579.567 транзакт с идентификатором 125 занял устройство 1
В момент времени 1585.307 транзакт с идентификатором 126 освободил устройство 2
В момент времени 1585.307 транзакт с идентификатором 126 вышел из модели
В момент времени 1591.516 транзакт с идентификатором 125 освободил устройство 1
В момент времени 1591.516 транзакт с идентификатором 125 вышел из модели
В момент времени 1595.245 транзакт с идентификатором 127 вошёл в модель
В момент времени 1595.245 транзакт с идентификатором 127 занял устройство 1
В момент времени 1609.896 транзакт с идентификатором 128 вошёл в модель
В момент времени 1609.896 транзакт с идентификатором 128 занял устройство 2
В момент времени 1613.412 транзакт с идентификатором 127 освободил устройство 1
В момент времени 1613.412 транзакт с идентификатором 127 вышел из модели
В момент времени 1619.951 транзакт с идентификатором 128 освободил устройство 2
В момент времени 1619.951 транзакт с идентификатором 128 вышел из модели
В момент времени 1629.134 транзакт с идентификатором 129 вошёл в модель
В момент времени 1629.134 транзакт с идентификатором 129 занял устройство 1
В момент времени 1631.32 транзакт с идентификатором 130 вошёл в модель
В момент времени 1631.32 транзакт с идентификатором 130 занял устройство 2
В момент времени 1643.866 транзакт с идентификатором 131 вошёл в модель
В момент времени 1643.866 транзакт с идентификатором 131 встал в очередь 1
В момент времени 1645.067 транзакт с идентификатором 130 освободил устройство 2
В момент времени 1645.067 транзакт с идентификатором 130 вышел из модели
В момент времени 1646.058 транзакт с идентификатором 129 освободил устройство 1
В момент времени 1646.058 транзакт с идентификатором 129 вышел из модели
В момент времени 1646.058 транзакт с идентификатором 131 занял устройство 1
В момент времени 1657.617 транзакт с идентификатором 131 освободил устройство 1
В момент времени 1657.617 транзакт с идентификатором 131 вышел из модели
В момент времени 1664.809 транзакт с идентификатором 132 вошёл в модель
В момент времени 1664.809 транзакт с идентификатором 132 занял устройство 1
В момент времени 1679.418 транзакт с идентификатором 133 вошёл в модель
В момент времени 1679.418 транзакт с идентификатором 133 занял устройство 2
В момент времени 1686.273 транзакт с идентификатором 132 освободил устройство 1
В момент времени 1686.273 транзакт с идентификатором 132 вышел из модели
В момент времени 1695.632 транзакт с идентификатором 133 освободил устройство 2
В момент времени 1695.632 транзакт с идентификатором 133 вышел из модели
В момент времени 1701.578 транзакт с идентификатором 134 вошёл в модель
В момент времени 1701.578 транзакт с идентификатором 134 занял устройство 1
В момент времени 1713.177 транзакт с идентификатором 135 вошёл в модель
В момент времени 1713.177 транзакт с идентификатором 135 занял устройство 2
В момент времени 1715.244 транзакт с идентификатором 134 освободил устройство 1
В момент времени 1715.244 транзакт с идентификатором 134 вышел из модели
В момент времени 1715.347 транзакт с идентификатором 136 вошёл в модель
В момент времени 1715.347 транзакт с идентификатором 136 занял устройство 1
В момент времени 1723.202 транзакт с идентификатором 135 освободил устройство 2
В момент времени 1723.202 транзакт с идентификатором 135 вышел из модели
В момент времени 1723.531 транзакт с идентификатором 137 вошёл в модель
В момент времени 1723.531 транзакт с идентификатором 137 занял устройство 2
В момент времени 1737.669 транзакт с идентификатором 136 освободил устройство 1
В момент времени 1737.669 транзакт с идентификатором 136 вышел из модели
В момент времени 1738.716 транзакт с идентификатором 137 освободил устройство 2
В момент времени 1738.716 транзакт с идентификатором 137 вышел из модели
В момент времени 1746.669 транзакт с идентификатором 138 вошёл в модель
В момент времени 1746.669 транзакт с идентификатором 138 занял устройство 1
В момент времени 1758.799 транзакт с идентификатором 139 вошёл в модель
В момент времени 1758.799 транзакт с идентификатором 139 занял устройство 2
В момент времени 1768.104 транзакт с идентификатором 138 освободил устройство 1
В момент времени 1768.104 транзакт с идентификатором 138 вышел из модели
В момент времени 1770.12 транзакт с идентификатором 139 освободил устройство 2
В момент времени 1770.12 транзакт с идентификатором 139 вышел из модели
В момент времени 1775.113 транзакт с идентификатором 140 вошёл в модель
В момент времени 1775.113 транзакт с идентификатором 140 занял устройство 1
В момент времени 1775.49 транзакт с идентификатором 141 вошёл в модель
В момент времени 1775.49 транзакт с идентификатором 141 занял устройство 2
В момент времени 1787.17 транзакт с идентификатором 140 освободил устройство 1
В момент времени 1787.17 транзакт с идентификатором 140 вышел из модели
В момент времени 1788.139 транзакт с идентификатором 142 вошёл в модель
В момент времени 1788.139 транзакт с идентификатором 142 занял устройство 1
В момент времени 1789.443 транзакт с идентификатором 143 вошёл в модель
В момент времени 1789.443 транзакт с идентификатором 143 встал в очередь 1
В момент времени 1790.646 транзакт с идентификатором 144 вошёл в модель
В момент времени 1790.646 транзакт с идентификатором 144 встал в очередь 2
В момент времени 1791.59 транзакт с идентификатором 141 освободил устройство 2
В момент времени 1791.59 транзакт с идентификатором 141 вышел из модели
В момент времени 1791.59 транзакт с идентификатором 144 занял устройство 2
В момент времени 1805.825 транзакт с идентификатором 144 освободил устройство 2
В момент времени 1805.825 транзакт с идентификатором 144 вышел из модели
В момент времени 1811.489 транзакт с идентификатором 142 освободил устройство 1
В момент времени 1811.489 транзакт с идентификатором 142 вышел из модели
В момент времени 1811.489 транзакт с идентификатором 143 занял устройство 1
В момент времени 1815.455 транзакт с идентификатором 145 вошёл в модель
В момент времени 1815.455 транзакт с идентификатором 145 занял устройство 2
В момент времени 1827.964 транзакт с идентификатором 143 освободил устройство 1
В момент времени 1827.964 транзакт с идентификатором 143 вышел из модели
В момент времени 1828.523 транзакт с идентификатором 145 освободил устройство 2
В момент времени 1828.523 транзакт с идентификатором 145 вышел из модели
В момент времени 1831.512 транзакт с идентификатором 146 вошёл в модель
В момент времени 1831.512 транзакт с идентификатором 146 занял устройство 1
В момент времени 1846.097 транзакт с идентификатором 147 вошёл в модель
В момент времени 1846.097 транзакт с идентификатором 147 занял устройство 2
В момент времени 1855.515 транзакт с идентификатором 146 освободил устройство 1
В момент времени 1855.515 транзакт с идентификатором 146 вышел из модели
В момент времени 1867.677 транзакт с идентификатором 147 освободил устройство 2
В момент времени 1867.677 транзакт с идентификатором 147 вышел из модели
В момент времени 1870.558 транзакт с идентификатором 148 вошёл в модель
В момент времени 1870.558 транзакт с идентификатором 148 занял устройство 1
В момент времени 1884.17 транзакт с идентификатором 149 вошёл в модель
В момент времени 1884.17 транзакт с идентификатором 149 занял устройство 2
В момент времени 1886.733 транзакт с идентификатором 148 освободил устройство 1
В момент времени 1886.733 транзакт с идентификатором 148 вышел из модели
В момент времени 1896.897 транзакт с идентификатором 149 освободил устройство 2
В момент времени 1896.897 транзакт с идентификатором 149 вышел из модели
В момент времени 1897.563 транзакт с идентификатором 150 вошёл в модель
В момент времени 1897.563 транзакт с идентификатором 150 занял устройство 1
В момент времени 1920.369 транзакт с идентификатором 151 вошёл в модель
В момент времени 1920.369 транзакт с идентификатором 151 занял устройство 2
В момент времени 1920.777 транзакт с идентификатором 150 освободил устройство 1
В момент времени 1920.777 транзакт с идентификатором 150 вышел из модели
В момент времени 1931.893 транзакт с идентификатором 151 освободил устройство 2
В момент времени 1931.893 транзакт с идентификатором 151 вышел из модели
В момент времени 1938.368 транзакт с идентификатором 152 вошёл в модель
В момент времени 1938.368 транзакт с идентификатором 152 занял устройство 1
В момент времени 1939.251 транзакт с идентификатором 153 вошёл в модель
В момент времени 1939.251 транзакт с идентификатором 153 занял устройство 2
В момент времени 1954.68 транзакт с идентификатором 152 освободил устройство 1
В момент времени 1954.68 транзакт с идентификатором 152 вышел из модели
В момент времени 1956.839 транзакт с идентификатором 154 вошёл в модель
В момент времени 1956.839 транзакт с идентификатором 154 занял устройство 1
В момент времени 1962.044 транзакт с идентификатором 153 освободил устройство 2
В момент времени 1962.044 транзакт с идентификатором 153 вышел из модели
В момент времени 1980.67 транзакт с идентификатором 154 освободил устройство 1
В момент времени 1980.67 транзакт с идентификатором 154 вышел из модели
В момент времени 1981.311 транзакт с идентификатором 155 вошёл в модель
В момент времени 1981.311 транзакт с идентификатором 155 занял устройство 1
В момент времени 1990.063 транзакт с идентификатором 156 вошёл в модель
В момент времени 1990.063 транзакт с идентификатором 156 занял устройство 2
В момент времени 1999.835 транзакт с идентификатором 156 освободил устройство 2
В момент времени 1999.835 транзакт с идентификатором 156 вышел из модели
В момент времени 2004.938 транзакт с идентификатором 157 вошёл в модель
В момент времени 2004.938 транзакт с идентификатором 157 занял устройство 2
В момент времени 2005.384 транзакт с идентификатором 155 освободил устройство 1
В момент времени 2005.384 транзакт с идентификатором 155 вышел из модели
В момент времени 2017.916 транзакт с идентификатором 157 освободил устройство 2
В момент времени 2017.916 транзакт с идентификатором 157 вышел из модели
В момент времени 2026.867 транзакт с идентификатором 158 вошёл в модель
В момент времени 2026.867 транзакт с идентификатором 158 занял устройство 1
В момент времени 2039.533 транзакт с идентификатором 159 вошёл в модель
В момент времени 2039.533 транзакт с идентификатором 159 занял устройство 2
В момент времени 2046.185 транзакт с идентификатором 158 освободил устройство 1
В момент времени 2046.185 транзакт с идентификатором 158 вышел из модели
В момент времени 2056.486 транзакт с идентификатором 160 вошёл в модель
В момент времени 2056.486 транзакт с идентификатором 160 занял устройство 1
В момент времени 2058.587 транзакт с идентификатором 159 освободил устройство 2
В момент времени 2058.587 транзакт с идентификатором 159 вышел из модели
В момент времени 2068.586 транзакт с идентификатором 161 вошёл в модель
В момент времени 2068.586 транзакт с идентификатором 161 занял устройство 2
В момент времени 2080.979 транзакт с идентификатором 160 освободил устройство 1
В момент времени 2080.979 транзакт с идентификатором 160 вышел из модели
В момент времени 2082.02 транзакт с идентификатором 162 вошёл в модель
В момент времени 2082.02 транзакт с идентификатором 162 занял устройство 1
В момент времени 2084.067 транзакт с идентификатором 161 освободил устройство 2
В момент времени 2084.067 транзакт с идентификатором 161 вышел из модели
В момент времени 2088.096 транзакт с идентификатором 163 вошёл в модель
В момент времени 2088.096 транзакт с идентификатором 163 занял устройство 2
В момент времени 2094.984 транзакт с идентификатором 164 вошёл в модель
В момент времени 2094.984 транзакт с идентификатором 164 встал в очередь 1
В момент времени 2105.935 транзакт с идентификатором 163 освободил устройство 2
В момент времени 2105.935 транзакт с идентификатором 163 вышел из модели
В момент времени 2106.882 транзакт с идентификатором 162 освободил устройство 1
В момент времени 2106.882 транзакт с идентификатором 162 вышел из модели
В момент времени 2106.882 транзакт с идентификатором 164 занял устройство 1
В момент времени 2108.881 транзакт с идентификатором 165 вошёл в модель
В момент времени 2108.881 транзакт с идентификатором 165 занял устройство 2
В момент времени 2120.97 транзакт с идентификатором 165 освободил устройство 2
В момент времени 2120.97 транзакт с идентификатором 165 вышел из модели
В момент времени 2130.653 транзакт с идентификатором 166 вошёл в модель
В момент времени 2130.653 транзакт с идентификатором 166 занял устройство 2
В момент времени 2130.697 транзакт с идентификатором 164 освободил устройство 1
В момент времени 2130.697 транзакт с идентификатором 164 вышел из модели
В момент времени 2146.255 транзакт с идентификатором 167 вошёл в модель
В момент времени 2146.255 транзакт с идентификатором 167 занял устройство 1
В момент времени 2146.837 транзакт с идентификатором 166 освободил устройство 2
В момент времени 2146.837 транзакт с идентификатором 166 вышел из модели
В момент времени 2154.212 транзакт с идентификатором 168 вошёл в модель
В момент времени 2154.212 транзакт с идентификатором 168 занял устройство 2
В момент времени 2160.063 транзакт с идентификатором 167 освободил устройство 1
В момент времени 2160.063 транзакт с идентификатором 167 вышел из модели
В момент времени 2162.151 транзакт с идентификатором 169 вошёл в модель
В момент времени 2162.151 транзакт с идентификатором 169 занял устройство 1
В момент времени 2173.897 транзакт с идентификатором 169 освободил устройство 1
В момент времени 2173.897 транзакт с идентификатором 169 вышел из модели
В момент времени 2176.308 транзакт с идентификатором 168 освободил устройство 2
В момент времени 2176.308 транзакт с идентификатором 168 вышел из модели
В момент времени 2186.042 транзакт с идентификатором 170 вошёл в модель
В момент времени 2186.042 транзакт с идентификатором 170 занял устройство 1
В момент времени 2199.321 транзакт с идентификатором 170 освободил устройство 1
В момент времени 2199.321 транзакт с идентификатором 170 вышел из модели
В момент времени 2205.642 транзакт с идентификатором 171 вошёл в модель
В момент времени 2205.642 транзакт с идентификатором 171 занял устройство 1
В момент времени 2220.076 транзакт с идентификатором 172 вошёл в модель
В момент времени 2220.076 транзакт с идентификатором 172 занял устройство 2
В момент времени 2222.053 транзакт с идентификатором 173 вошёл в модель
В момент времени 2222.053 транзакт с идентификатором 173 встал в очередь 1
В момент времени 2228.142 транзакт с идентификатором 171 освободил устройство 1
В момент времени 2228.142 транзакт с идентификатором 171 вышел из модели
В момент времени 2228.142 транзакт с идентификатором 173 занял устройство 1
В момент времени 2242.947 транзакт с идентификатором 173 освободил устройство 1
В момент времени 2242.947 транзакт с идентификатором 173 вышел из модели
В момент времени 2243.103 транзакт с идентификатором 174 вошёл в модель
В момент времени 2243.103 транзакт с идентификатором 174 занял устройство 1
В момент времени 2244.033 транзакт с идентификатором 172 освободил устройство 2
В момент времени 2244.033 транзакт с идентификатором 172 вышел из модели
В момент времени 2250.927 транзакт с идентификатором 175 вошёл в модель
В момент времени 2250.927 транзакт с идентификатором 175 занял устройство 2
В момент времени 2258.281 транзакт с идентификатором 176 вошёл в модель
В момент времени 2258.281 транзакт с идентификатором 176 встал в очередь 1
В момент времени 2260.995 транзакт с идентификатором 174 освободил устройство 1
В момент времени 2260.995 транзакт с идентификатором 174 вышел из модели
В момент времени 2260.995 транзакт с идентификатором 176 занял устройство 1
В момент времени 2271.472 транзакт с идентификатором 177 вошёл в модель
В момент времени 2271.472 транзакт с идентификатором 177 встал в очередь 1
В момент времени 2272.594 транзакт с идентификатором 175 освободил устройство 2
В момент времени 2272.594 транзакт с идентификатором 175 вышел из модели
В момент времени 2283.336 транзакт с идентификатором 176 освободил устройство 1
В момент времени 2283.336 транзакт с идентификатором 176 вышел из модели
В момент времени 2283.336 транзакт с идентификатором 177 занял устройство 1
В момент времени 2283.491 транзакт с идентификатором 178 вошёл в модель
В момент времени 2283.491 транзакт с идентификатором 178 занял устройство 2
В момент времени 2283.612 транзакт с идентификатором 179 вошёл в модель
В момент времени 2283.612 транзакт с идентификатором 179 встал в очередь 1
В момент времени 2290.303 транзакт с идентификатором 180 вошёл в модель
В момент времени 2290.303 транзакт с идентификатором 180 встал в очередь 2
В момент времени 2295.395 транзакт с идентификатором 178 освободил устройство 2
В момент времени 2295.395 транзакт с идентификатором 178 вышел из модели
В момент времени 2295.395 транзакт с идентификатором 180 занял устройство 2
В момент времени 2298.809 транзакт с идентификатором 181 вошёл в модель
В момент времени 2298.809 транзакт с идентификатором 181 встал в очередь 2
В момент времени 2302.586 транзакт с идентификатором 177 освободил устройство 1
В момент времени 2302.586 транзакт с идентификатором 177 вышел из модели
В момент времени 2302.586 транзакт с идентификатором 179 занял устройство 1
В момент времени 2304.904 транзакт с идентификатором 180 освободил устройство 2
В момент времени 2304.904 транзакт с идентификатором 180 вышел из модели
В момент времени 2304.904 транзакт с идентификатором 181 занял устройство 2
В момент времени 2308.207 транзакт с идентификатором 182 вошёл в модель
В момент времени 2308.207 транзакт с идентификатором 182 встал в очередь 1
В момент времени 2313.17 транзакт с идентификатором 183 вошёл в модель
В момент времени 2313.17 транзакт с идентификатором 183 встал в очередь 2
В момент времени 2318.401 транзакт с идентификатором 181 освободил устройство 2
В момент времени 2318.401 транзакт с идентификатором 181 вышел из модели
В момент времени 2318.401 транзакт с идентификатором 183 занял устройство 2
В момент времени 2323.171 транзакт с идентификатором 179 освободил устройство 1
В момент времени 2323.171 транзакт с идентификатором 179 вышел из модели
В момент времени 2323.171 транзакт с идентификатором 182 занял устройство 1
В момент времени 2336.052 транзакт с идентификатором 184 вошёл в модель
В момент времени 2336.052 транзакт с идентификатором 184 встал в очередь 1
В момент времени 2341.857 транзакт с идентификатором 183 освободил устройство 2
В момент времени 2341.857 транзакт с идентификатором 183 вышел из модели
В момент времени 2346.917 транзакт с идентификатором 182 освободил устройство 1
В момент времени 2346.917 транзакт с идентификатором 182 вышел из модели
В момент времени 2346.917 транзакт с идентификатором 184 занял устройство 1
В момент времени 2358.285 транзакт с идентификатором 185 вошёл в модель
В момент времени 2358.285 транзакт с идентификатором 185 занял устройство 2
В момент времени 2359.854 транзакт с идентификатором 184 освободил устройство 1
В момент времени 2359.854 транзакт с идентификатором 184 вышел из модели
В момент времени 2372.54 транзакт с идентификатором 186 вошёл в модель
В момент времени 2372.54 транзакт с идентификатором 186 занял устройство 1
В момент времени 2374.224 транзакт с идентификатором 187 вошёл в модель
В момент времени 2374.224 транзакт с идентификатором 187 встал в очередь 1
В момент времени 2379.957 транзакт с идентификатором 185 освободил устройство 2
В момент времени 2379.957 транзакт с идентификатором 185 вышел из модели
В момент времени 2382.508 транзакт с идентификатором 188 вошёл в модель
В момент времени 2382.508 транзакт с идентификатором 188 занял устройство 2
В момент времени 2395.929 транзакт с идентификатором 186 освободил устройство 1
В момент времени 2395.929 транзакт с идентификатором 186 вышел из модели
В момент времени 2395.929 транзакт с идентификатором 187 занял устройство 1
В момент времени 2398.941 транзакт с идентификатором 188 освободил устройство 2
В момент времени 2398.941 транзакт с идентификатором 188 вышел из модели
В момент времени 2403.535 транзакт с идентификатором 189 вошёл в модель
В момент времени 2403.535 транзакт с идентификатором 189 занял устройство 2
В момент времени 2410.681 транзакт с идентификатором 190 вошёл в модель
В момент времени 2410.681 транзакт с идентификатором 190 встал в очередь 1
В момент времени 2413.338 транзакт с идентификатором 187 освободил устройство 1
В момент времени 2413.338 транзакт с идентификатором 187 вышел из модели
В момент времени 2413.338 транзакт с идентификатором 190 занял устройство 1
В момент времени 2413.91 транзакт с идентификатором 191 вошёл в модель
В момент времени 2413.91 транзакт с идентификатором 191 встал в очередь 1
В момент времени 2416.923 транзакт с идентификатором 189 освободил устройство 2
В момент времени 2416.923 транзакт с идентификатором 189 вышел из модели
В момент времени 2425.024 транзакт с идентификатором 190 освободил устройство 1
В момент времени 2425.024 транзакт с идентификатором 190 вышел из модели
В момент времени 2425.024 транзакт с идентификатором 191 занял устройство 1
В момент времени 2426.526 транзакт с идентификатором 192 вошёл в модель
В момент времени 2426.526 транзакт с идентификатором 192 занял устройство 2
В момент времени 2437.397 транзакт с идентификатором 192 освободил устройство 2
В момент времени 2437.397 транзакт с идентификатором 192 вышел из модели
В момент времени 2446.708 транзакт с идентификатором 191 освободил устройство 1
В момент времени 2446.708 транзакт с идентификатором 191 вышел из модели
В момент времени 2449.98 транзакт с идентификатором 193 вошёл в модель
В момент времени 2449.98 транзакт с идентификатором 193 занял устройство 1
В момент времени 2459.451 транзакт с идентификатором 194 вошёл в модель
В момент времени 2459.451 транзакт с идентификатором 194 занял устройство 2
В момент времени 2465.49 транзакт с идентификатором 195 вошёл в модель
В момент времени 2465.49 транзакт с идентификатором 195 встал в очередь 1
В момент времени 2466.492 транзакт с идентификатором 193 освободил устройство 1
В момент времени 2466.492 транзакт с идентификатором 193 вышел из модели
В момент времени 2466.492 транзакт с идентификатором 195 занял устройство 1
В момент времени 2478.064 транзакт с идентификатором 195 освободил устройство 1
В момент времени 2478.064 транзакт с идентификатором 195 вышел из модели
В момент времени 2482.888 транзакт с идентификатором 194 освободил устройство 2
В момент времени 2482.888 транзакт с идентификатором 194 вышел из модели
В момент времени 2490.189 транзакт с идентификатором 196 вошёл в модель
В момент времени 2490.189 транзакт с идентификатором 196 занял устройство 1
В момент времени 2496.583 транзакт с идентификатором 197 вошёл в модель
В момент времени 2496.583 транзакт с идентификатором 197 занял устройство 2
В момент времени 2503.197 транзакт с идентификатором 196 освободил устройство 1
В момент времени 2503.197 транзакт с идентификатором 196 вышел из модели
В момент времени 2510.471 транзакт с идентификатором 197 освободил устройство 2
В момент времени 2510.471 транзакт с идентификатором 197 вышел из модели
В момент времени 2512.035 транзакт с идентификатором 198 вошёл в модель
В момент времени 2512.035 транзакт с идентификатором 198 занял устройство 1
В момент времени 2527.541 транзакт с идентификатором 199 вошёл в модель
В момент времени 2527.541 транзакт с идентификатором 199 занял устройство 2
В момент времени 2532.955 транзакт с идентификатором 198 освободил устройство 1
В момент времени 2532.955 транзакт с идентификатором 198 вышел из модели
В момент времени 2537.463 транзакт с идентификатором 199 освободил устройство 2
В момент времени 2537.463 транзакт с идентификатором 199 вышел из модели
В момент времени 2545.631 транзакт с идентификатором 200 вошёл в модель
В момент времени 2545.631 транзакт с идентификатором 200 занял устройство 1
В момент времени 2565.32 транзакт с идентификатором 201 вошёл в модель
В момент времени 2565.32 транзакт с идентификатором 201 занял устройство 2
В момент времени 2566.147 транзакт с идентификатором 200 освободил устройство 1
В момент времени 2566.147 транзакт с идентификатором 200 вышел из модели
В момент времени 2577.955 транзакт с идентификатором 202 вошёл в модель
В момент времени 2577.955 транзакт с идентификатором 202 занял устройство 1
В момент времени 2579.423 транзакт с идентификатором 203 вошёл в модель
В момент времени 2579.423 транзакт с идентификатором 203 встал в очередь 1
В момент времени 2579.925 транзакт с идентификатором 201 освободил устройство 2
В момент времени 2579.925 транзакт с идентификатором 201 вышел из модели
В момент времени 2594.975 транзакт с идентификатором 202 освободил устройство 1
В момент времени 2594.975 транзакт с идентификатором 202 вышел из модели
В момент времени 2594.975 транзакт с идентификатором 203 занял устройство 1
В момент времени 2601.273 транзакт с идентификатором 204 вошёл в модель
В момент времени 2601.273 транзакт с идентификатором 204 занял устройство 2
В момент времени 2608.124 транзакт с идентификатором 203 освободил устройство 1
В момент времени 2608.124 транзакт с идентификатором 203 вышел из модели
В момент времени 2613.647 транзакт с идентификатором 204 освободил устройство 2
В момент времени 2613.647 транзакт с идентификатором 204 вышел из модели
В момент времени 2623.232 транзакт с идентификатором 205 вошёл в модель
В момент времени 2623.232 транзакт с идентификатором 205 занял устройство 1
В момент времени 2634.964 транзакт с идентификатором 206 вошёл в модель
В момент времени 2634.964 транзакт с идентификатором 206 занял устройство 2
В момент времени 2636.668 транзакт с идентификатором 205 освободил устройство 1
В момент времени 2636.668 транзакт с идентификатором 205 вышел из модели
В момент времени 2649.217 транзакт с идентификатором 206 освободил устройство 2
В момент времени 2649.217 транзакт с идентификатором 206 вышел из модели
В момент времени 2650.561 транзакт с идентификатором 207 вошёл в модель
В момент времени 2650.561 транзакт с идентификатором 207 занял устройство 1
В момент времени 2663.234 транзакт с идентификатором 208 вошёл в модель
В момент времени 2663.234 транзакт с идентификатором 208 занял устройство 2
В момент времени 2670.694 транзакт с идентификатором 207 освободил устройство 1
В момент времени 2670.694 транзакт с идентификатором 207 вышел из модели
В момент времени 2675.617 транзакт с идентификатором 209 вошёл в модель
В момент времени 2675.617 транзакт с идентификатором 209 занял устройство 1
В момент времени 2682.817 транзакт с идентификатором 208 освободил устройство 2
В момент времени 2682.817 транзакт с идентификатором 208 вышел из модели
В момент времени 2696.552 транзакт с идентификатором 210 вошёл в модель
В момент времени 2696.552 транзакт с идентификатором 210 занял устройство 2
В момент времени 2698.843 транзакт с идентификатором 209 освободил устройство 1
В момент времени 2698.843 транзакт с идентификатором 209 вышел из модели
В момент времени 2701.87 транзакт с идентификатором 211 вошёл в модель
В момент времени 2701.87 транзакт с идентификатором 211 занял устройство 1
В момент времени 2713.018 транзакт с идентификатором 211 освободил устройство 1
В момент времени 2713.018 транзакт с идентификатором 211 вышел из модели
В момент времени 2720.948 транзакт с идентификатором 210 освободил устройство 2
В момент времени 2720.948 транзакт с идентификатором 210 вышел из модели
В момент времени 2722.327 транзакт с идентификатором 212 вошёл в модель
В момент времени 2722.327 транзакт с идентификатором 212 занял устройство 1
В момент времени 2739.815 транзакт с идентификатором 213 вошёл в модель
В момент времени 2739.815 транзакт с идентификатором 213 занял устройство 2
В момент времени 2744.043 транзакт с идентификатором 212 освободил устройство 1
В момент времени 2744.043 транзакт с идентификатором 212 вышел из модели
В момент времени 2756.995 транзакт с идентификатором 213 освободил устройство 2
В момент времени 2756.995 транзакт с идентификатором 213 вышел из модели
В момент времени 2762.028 транзакт с идентификатором 214 вошёл в модель
В момент времени 2762.028 транзакт с идентификатором 214 занял устройство 1
В момент времени 2775.341 транзакт с идентификатором 215 вошёл в модель
В момент времени 2775.341 транзакт с идентификатором 215 занял устройство 2
В момент времени 2777.191 транзакт с идентификатором 214 освободил устройство 1
В момент времени 2777.191 транзакт с идентификатором 214 вышел из модели
В момент времени 2786.639 транзакт с идентификатором 216 вошёл в модель
В момент времени 2786.639 транзакт с идентификатором 216 занял устройство 1
В момент времени 2793.191 транзакт с идентификатором 215 освободил устройство 2
В момент времени 2793.191 транзакт с идентификатором 215 вышел из модели
В момент времени 2794.965 транзакт с идентификатором 217 вошёл в модель
В момент времени 2794.965 транзакт с идентификатором 217 занял устройство 2
В момент времени 2806.339 транзакт с идентификатором 216 освободил устройство 1
В момент времени 2806.339 транзакт с идентификатором 216 вышел из модели
В момент времени 2808.491 транзакт с идентификатором 218 вошёл в модель
В момент времени 2808.491 транзакт с идентификатором 218 занял устройство 1
В момент времени 2819.368 транзакт с идентификатором 217 освободил устройство 2
В момент времени 2819.368 транзакт с идентификатором 217 вышел из модели
В момент времени 2825.212 транзакт с идентификатором 218 освободил устройство 1
В момент времени 2825.212 транзакт с идентификатором 218 вышел из модели
В момент времени 2827.889 транзакт с идентификатором 219 вошёл в модель
В момент времени 2827.889 транзакт с идентификатором 219 занял устройство 1
В момент времени 2835.632 транзакт с идентификатором 220 вошёл в модель
В момент времени 2835.632 транзакт с идентификатором 220 занял устройство 2
В момент времени 2841.869 транзакт с идентификатором 221 вошёл в модель
В момент времени 2841.869 транзакт с идентификатором 221 встал в очередь 1
В момент времени 2848.553 транзакт с идентификатором 219 освободил устройство 1
В момент времени 2848.553 транзакт с идентификатором 219 вышел из модели
В момент времени 2848.553 транзакт с идентификатором 221 занял устройство 1
В момент времени 2849.256 транзакт с идентификатором 220 освободил устройство 2
В момент времени 2849.256 транзакт с идентификатором 220 вышел из модели
В момент времени 2849.673 транзакт с идентификатором 222 вошёл в модель
В момент времени 2849.673 транзакт с идентификатором 222 занял устройство 2
В момент времени 2856.288 транзакт с идентификатором 223 вошёл в модель
В момент времени 2856.288 транзакт с идентификатором 223 встал в очередь 1
В момент времени 2864.496 транзакт с идентификатором 221 освободил устройство 1
В момент времени 2864.496 транзакт с идентификатором 221 вышел из модели
В момент времени 2864.496 транзакт с идентификатором 223 занял устройство 1
В момент времени 2872.883 транзакт с идентификатором 224 вошёл в модель
В момент времени 2872.883 транзакт с идентификатором 224 встал в очередь 1
В момент времени 2874.638 транзакт с идентификатором 222 освободил устройство 2
В момент времени 2874.638 транзакт с идентификатором 222 вышел из модели
В момент времени 2876.45 транзакт с идентификатором 223 освободил устройство 1
В момент времени 2876.45 транзакт с идентификатором 223 вышел из модели
В момент времени 2876.45 транзакт с идентификатором 224 занял устройство 1
В момент времени 2888.024 транзакт с идентификатором 224 освободил устройство 1
В момент времени 2888.024 транзакт с идентификатором 224 вышел из модели
В момент времени 2893.182 транзакт с идентификатором 225 вошёл в модель
В момент времени 2893.182 транзакт с идентификатором 225 занял устройство 1
В момент времени 2894.036 транзакт с идентификатором 226 вошёл в модель
В момент времени 2894.036 транзакт с идентификатором 226 занял устройство 2
В момент времени 2898.224 транзакт с идентификатором 227 вошёл в модель
В момент времени 2898.224 транзакт с идентификатором 227 встал в очередь 1
В момент времени 2912.036 транзакт с идентификатором 228 вошёл в модель
В момент времени 2912.036 транзакт с идентификатором 228 встал в очередь 2
В момент времени 2913.428 транзакт с идентификатором 225 освободил устройство 1
В момент времени 2913.428 транзакт с идентификатором 225 вышел из модели
В момент времени 2913.428 транзакт с идентификатором 227 занял устройство 1
В момент времени 2918.333 транзакт с идентификатором 226 освободил устройство 2
В момент времени 2918.333 транзакт с идентификатором 226 вышел из модели
В момент времени 2918.333 транзакт с идентификатором 228 занял устройство 2
В момент времени 2920.082 транзакт с идентификатором 229 вошёл в модель
В момент времени 2920.082 транзакт с идентификатором 229 встал в очередь 1
В момент времени 2935.294 транзакт с идентификатором 227 освободил устройство 1
В момент времени 2935.294 транзакт с идентификатором 227 вышел из модели
В момент времени 2935.294 транзакт с идентификатором 229 занял устройство 1
В момент времени 2939.278 транзакт с идентификатором 228 освободил устройство 2
В момент времени 2939.278 транзакт с идентификатором 228 вышел из модели
В момент времени 2942.167 транзакт с идентификатором 230 вошёл в модель
В момент времени 2942.167 транзакт с идентификатором 230 занял устройство 2
В момент времени 2946.635 транзакт с идентификатором 229 освободил устройство 1
В момент времени 2946.635 транзакт с идентификатором 229 вышел из модели
В момент времени 2951.386 транзакт с идентификатором 231 вошёл в модель
В момент времени 2951.386 транзакт с идентификатором 231 занял устройство 1
В момент времени 2952.125 транзакт с идентификатором 232 вошёл в модель
В момент времени 2952.125 транзакт с идентификатором 232 встал в очередь 1
В момент времени 2953.282 транзакт с идентификатором 233 вошёл в модель
В момент времени 2953.282 транзакт с идентификатором 233 встал в очередь 2
В момент времени 2954.664 транзакт с идентификатором 230 освободил устройство 2
В момент времени 2954.664 транзакт с идентификатором 230 вышел из модели
В момент времени 2954.664 транзакт с идентификатором 233 занял устройство 2
В момент времени 2963.313 транзакт с идентификатором 231 освободил устройство 1
В момент времени 2963.313 транзакт с идентификатором 231 вышел из модели
В момент времени 2963.313 транзакт с идентификатором 232 занял устройство 1
В момент времени 2967.563 транзакт с идентификатором 234 вошёл в модель
В момент времени 2967.563 транзакт с идентификатором 234 встал в очередь 1
В момент времени 2975.43 транзакт с идентификатором 233 освободил устройство 2
В момент времени 2975.43 транзакт с идентификатором 233 вышел из модели
В момент времени 2977.035 транзакт с идентификатором 232 освободил устройство 1
В момент времени 2977.035 транзакт с идентификатором 232 вышел из модели
В момент времени 2977.035 транзакт с идентификатором 234 занял устройство 1
В момент времени 2980.655 транзакт с идентификатором 235 вошёл в модель
В момент времени 2980.655 транзакт с идентификатором 235 занял устройство 2
В момент времени 2980.7 транзакт с идентификатором 236 вошёл в модель
В момент времени 2980.7 транзакт с идентификатором 236 встал в очередь 1
В момент времени 2988.412 транзакт с идентификатором 234 освободил устройство 1
В момент времени 2988.412 транзакт с идентификатором 234 вышел из модели
В момент времени 2988.412 транзакт с идентификатором 236 занял устройство 1
В момент времени 2994.758 транзакт с идентификатором 237 вошёл в модель
В момент времени 2994.758 транзакт с идентификатором 237 встал в очередь 1
В момент времени 2998.552 транзакт с идентификатором 235 освободил устройство 2
В момент времени 2998.552 транзакт с идентификатором 235 вышел из модели
В момент времени 3011.55 транзакт с идентификатором 236 освободил устройство 1
В момент времени 3011.55 транзакт с идентификатором 236 вышел из модели
В момент времени 3011.55 транзакт с идентификатором 237 занял устройство 1
В момент времени 3014.989 транзакт с идентификатором 238 вошёл в модель
В момент времени 3014.989 транзакт с идентификатором 238 занял устройство 2
В момент времени 3029.448 транзакт с идентификатором 237 освободил устройство 1
В момент времени 3029.448 транзакт с идентификатором 237 вышел из модели
В момент времени 3032.13 транзакт с идентификатором 238 освободил устройство 2
В момент времени 3032.13 транзакт с идентификатором 238 вышел из модели
В момент времени 3034.161 транзакт с идентификатором 239 вошёл в модель
В момент времени 3034.161 транзакт с идентификатором 239 занял устройство 1
В момент времени 3045.807 транзакт с идентификатором 240 вошёл в модель
В момент времени 3045.807 транзакт с идентификатором 240 занял устройство 2
В момент времени 3048.155 транзакт с идентификатором 239 освободил устройство 1
В момент времени 3048.155 транзакт с идентификатором 239 вышел из модели
В момент времени 3049.714 транзакт с идентификатором 241 вошёл в модель
В момент времени 3049.714 транзакт с идентификатором 241 занял устройство 1
В момент времени 3057.473 транзакт с идентификатором 242 вошёл в модель
В момент времени 3057.473 транзакт с идентификатором 242 встал в очередь 1
В момент времени 3063.384 транзакт с идентификатором 240 освободил устройство 2
В момент времени 3063.384 транзакт с идентификатором 240 вышел из модели
В момент времени 3068.069 транзакт с идентификатором 243 вошёл в модель
В момент времени 3068.069 транзакт с идентификатором 243 занял устройство 2
В момент времени 3071.482 транзакт с идентификатором 241 освободил устройство 1
В момент времени 3071.482 транзакт с идентификатором 241 вышел из модели
В момент времени 3071.482 транзакт с идентификатором 242 занял устройство 1
В момент времени 3085.538 транзакт с идентификатором 243 освободил устройство 2
В момент времени 3085.538 транзакт с идентификатором 243 вышел из модели
В момент времени 3087.332 транзакт с идентификатором 244 вошёл в модель
В момент времени 3087.332 транзакт с идентификатором 244 занял устройство 2
В момент времени 3093.092 транзакт с идентификатором 242 освободил устройство 1
В момент времени 3093.092 транзакт с идентификатором 242 вышел из модели
В момент времени 3098.188 транзакт с идентификатором 244 освободил устройство 2
В момент времени 3098.188 транзакт с идентификатором 244 вышел из модели
В момент времени 3110.501 транзакт с идентификатором 245 вошёл в модель
В момент времени 3110.501 транзакт с идентификатором 245 занял устройство 1
В момент времени 3125.081 транзакт с идентификатором 245 освободил устройство 1
В момент времени 3125.081 транзакт с идентификатором 245 вышел из модели
В момент времени 3129.668 транзакт с идентификатором 246 вошёл в модель
В момент времени 3129.668 транзакт с идентификатором 246 занял устройство 1
В момент времени 3141.909 транзакт с идентификатором 246 освободил устройство 1
В момент времени 3141.909 транзакт с идентификатором 246 вышел из модели
В момент времени 3143.809 транзакт с идентификатором 247 вошёл в модель
В момент времени 3143.809 транзакт с идентификатором 247 занял устройство 1
В момент времени 3157.548 транзакт с идентификатором 248 вошёл в модель
В момент времени 3157.548 транзакт с идентификатором 248 занял устройство 2
В момент времени 3160.412 транзакт с идентификатором 247 освободил устройство 1
В момент времени 3160.412 транзакт с идентификатором 247 вышел из модели
В момент времени 3170.616 транзакт с идентификатором 248 освободил устройство 2
В момент времени 3170.616 транзакт с идентификатором 248 вышел из модели
В момент времени 3182.424 транзакт с идентификатором 249 вошёл в модель
В момент времени 3182.424 транзакт с идентификатором 249 занял устройство 1
В момент времени 3193.472 транзакт с идентификатором 250 вошёл в модель
В момент времени 3193.472 транзакт с идентификатором 250 занял устройство 2
В момент времени 3200.405 транзакт с идентификатором 249 освободил устройство 1
В момент времени 3200.405 транзакт с идентификатором 249 вышел из модели
В момент времени 3203.596 транзакт с идентификатором 250 освободил устройство 2
В момент времени 3203.596 транзакт с идентификатором 250 вышел из модели
В момент времени 3210.895 транзакт с идентификатором 251 вошёл в модель
В момент времени 3210.895 транзакт с идентификатором 251 занял устройство 1
В момент времени 3219.308 транзакт с идентификатором 252 вошёл в модель
В момент времени 3219.308 транзакт с идентификатором 252 занял устройство 2
В момент времени 3228.442 транзакт с идентификатором 252 освободил устройство 2
В момент времени 3228.442 транзакт с идентификатором 252 вышел из модели
В момент времени 3228.635 транзакт с идентификатором 253 вошёл в модель
В момент времени 3228.635 транзакт с идентификатором 253 занял устройство 2
В момент времени 3233.926 транзакт с идентификатором 251 освободил устройство 1
В момент времени 3233.926 транзакт с идентификатором 251 вышел из модели
В момент времени 3247.989 транзакт с идентификатором 253 освободил устройство 2
В момент времени 3247.989 транзакт с идентификатором 253 вышел из модели
В момент времени 3251.071 транзакт с идентификатором 254 вошёл в модель
В момент времени 3251.071 транзакт с идентификатором 254 занял устройство 1
В момент времени 3253.253 транзакт с идентификатором 255 вошёл в модель
В момент времени 3253.253 транзакт с идентификатором 255 занял устройство 2
В момент времени 3265.609 транзакт с идентификатором 254 освободил устройство 1
В момент времени 3265.609 транзакт с идентификатором 254 вышел из модели
В момент времени 3267.618 транзакт с идентификатором 255 освободил устройство 2
В момент времени 3267.618 транзакт с идентификатором 255 вышел из модели
В момент времени 3277.927 транзакт с идентификатором 256 вошёл в модель
В момент времени 3277.927 транзакт с идентификатором 256 занял устройство 1
В момент времени 3278.548 транзакт с идентификатором 257 вошёл в модель
В момент времени 3278.548 транзакт с идентификатором 257 занял устройство 2
В момент времени 3298.2 транзакт с идентификатором 256 освободил устройство 1
В момент времени 3298.2 транзакт с идентификатором 256 вышел из модели
В момент времени 3299.083 транзакт с идентификатором 258 вошёл в модель
В момент времени 3299.083 транзакт с идентификатором 258 занял устройство 1
В момент времени 3301.734 транзакт с идентификатором 257 освободил устройство 2
В момент времени 3301.734 транзакт с идентификатором 257 вышел из модели
В момент времени 3310.486 транзакт с идентификатором 259 вошёл в модель
В момент времени 3310.486 транзакт с идентификатором 259 занял устройство 2
В момент времени 3319.27 транзакт с идентификатором 258 освободил устройство 1
В момент времени 3319.27 транзакт с идентификатором 258 вышел из модели
В момент времени 3322.83 транзакт с идентификатором 259 освободил устройство 2
В момент времени 3322.83 транзакт с идентификатором 259 вышел из модели
В момент времени 3326.945 транзакт с идентификатором 260 вошёл в модель
В момент времени 3326.945 транзакт с идентификатором 260 занял устройство 1
В момент времени 3340.49 транзакт с идентификатором 261 вошёл в модель
В момент времени 3340.49 транзакт с идентификатором 261 занял устройство 2
В момент времени 3346.894 транзакт с идентификатором 262 вошёл в модель
В момент времени 3346.894 транзакт с идентификатором 262 встал в очередь 1
В момент времени 3348.696 транзакт с идентификатором 260 освободил устройство 1
В момент времени 3348.696 транзакт с идентификатором 260 вышел из модели
В момент времени 3348.696 транзакт с идентификатором 262 занял устройство 1
В момент времени 3348.804 транзакт с идентификатором 263 вошёл в модель
В момент времени 3348.804 транзакт с идентификатором 263 встал в очередь 1
В момент времени 3352.664 транзакт с идентификатором 264 вошёл в модель
В момент времени 3352.664 транзакт с идентификатором 264 встал в очередь 2
В момент времени 3358.827 транзакт с идентификатором 261 освободил устройство 2
В момент времени 3358.827 транзакт с идентификатором 261 вышел из модели
В момент времени 3358.827 транзакт с идентификатором 264 занял устройство 2
В момент времени 3362.065 транзакт с идентификатором 262 освободил устройство 1
В момент времени 3362.065 транзакт с идентификатором 262 вышел из модели
В момент времени 3362.065 транзакт с идентификатором 263 занял устройство 1
В момент времени 3370.725 транзакт с идентификатором 265 вошёл в модель
В момент времени 3370.725 транзакт с идентификатором 265 встал в очередь 1
В момент времени 3373.773 транзакт с идентификатором 264 освободил устройство 2
В момент времени 3373.773 транзакт с идентификатором 264 вышел из модели
В момент времени 3378.43 транзакт с идентификатором 266 вошёл в модель
В момент времени 3378.43 транзакт с идентификатором 266 занял устройство 2
В момент времени 3382.156 транзакт с идентификатором 263 освободил устройство 1
В момент времени 3382.156 транзакт с идентификатором 263 вышел из модели
В момент времени 3382.156 транзакт с идентификатором 265 занял устройство 1
В момент времени 3390.577 транзакт с идентификатором 266 освободил устройство 2
В момент времени 3390.577 транзакт с идентификатором 266 вышел из модели
В момент времени 3395.72 транзакт с идентификатором 267 вошёл в модель
В момент времени 3395.72 транзакт с идентификатором 267 занял устройство 2
В момент времени 3401.619 транзакт с идентификатором 265 освободил устройство 1
В момент времени 3401.619 транзакт с идентификатором 265 вышел из модели
В момент времени 3415.439 транзакт с идентификатором 267 освободил устройство 2
В момент времени 3415.439 транзакт с идентификатором 267 вышел из модели
В момент времени 3420.537 транзакт с идентификатором 268 вошёл в модель
В момент времени 3420.537 транзакт с идентификатором 268 занял устройство 1
В момент времени 3433.464 транзакт с идентификатором 269 вошёл в модель
В момент времени 3433.464 транзакт с идентификатором 269 занял устройство 2
В момент времени 3440.442 транзакт с идентификатором 270 вошёл в модель
В момент времени 3440.442 транзакт с идентификатором 270 встал в очередь 1
В момент времени 3442.302 транзакт с идентификатором 268 освободил устройство 1
В момент времени 3442.302 транзакт с идентификатором 268 вышел из модели
В момент времени 3442.302 транзакт с идентификатором 270 занял устройство 1
В момент времени 3445.711 транзакт с идентификатором 271 вошёл в модель
В момент времени 3445.711 транзакт с идентификатором 271 встал в очередь 1
В момент времени 3452.806 транзакт с идентификатором 272 вошёл в модель
В момент времени 3452.806 транзакт с идентификатором 272 встал в очередь 2
В момент времени 3453.535 транзакт с идентификатором 270 освободил устройство 1
В момент времени 3453.535 транзакт с идентификатором 270 вышел из модели
В момент времени 3453.535 транзакт с идентификатором 271 занял устройство 1
В момент времени 3457.159 транзакт с идентификатором 269 освободил устройство 2
В момент времени 3457.159 транзакт с идентификатором 269 вышел из модели
В момент времени 3457.159 транзакт с идентификатором 272 занял устройство 2
В момент времени 3474.217 транзакт с идентификатором 271 освободил устройство 1
В момент времени 3474.217 транзакт с идентификатором 271 вышел из модели
В момент времени 3475.773 транзакт с идентификатором 273 вошёл в модель
В момент времени 3475.773 транзакт с идентификатором 273 занял устройство 1
В момент времени 3477.333 транзакт с идентификатором 272 освободил устройство 2
В момент времени 3477.333 транзакт с идентификатором 272 вышел из модели
В момент времени 3490.515 транзакт с идентификатором 273 освободил устройство 1
В момент времени 3490.515 транзакт с идентификатором 273 вышел из модели
В момент времени 3499.404 транзакт с идентификатором 274 вошёл в модель
В момент времени 3499.404 транзакт с идентификатором 274 занял устройство 1
В момент времени 3520.628 транзакт с идентификатором 274 освободил устройство 1
В момент времени 3520.628 транзакт с идентификатором 274 вышел из модели
В момент времени 3521.774 транзакт с идентификатором 275 вошёл в модель
В момент времени 3521.774 транзакт с идентификатором 275 занял устройство 1
В момент времени 3534.539 транзакт с идентификатором 276 вошёл в модель
В момент времени 3534.539 транзакт с идентификатором 276 занял устройство 2
В момент времени 3540.495 транзакт с идентификатором 275 освободил устройство 1
В момент времени 3540.495 транзакт с идентификатором 275 вышел из модели
В момент времени 3550.44 транзакт с идентификатором 276 освободил устройство 2
В момент времени 3550.44 транзакт с идентификатором 276 вышел из модели
В момент времени 3552.128 транзакт с идентификатором 277 вошёл в модель
В момент времени 3552.128 транзакт с идентификатором 277 занял устройство 1
В момент времени 3569.503 транзакт с идентификатором 277 освободил устройство 1
В момент времени 3569.503 транзакт с идентификатором 277 вышел из модели
В момент времени 3571.682 транзакт с идентификатором 278 вошёл в модель
В момент времени 3571.682 транзакт с идентификатором 278 занял устройство 1
В момент времени 3586.16 транзакт с идентификатором 279 вошёл в модель
В момент времени 3586.16 транзакт с идентификатором 279 занял устройство 2
В момент времени 3587.653 транзакт с идентификатором 278 освободил устройство 1
В момент времени 3587.653 транзакт с идентификатором 278 вышел из модели
В момент времени 3598.946 транзакт с идентификатором 279 освободил устройство 2
В момент времени 3598.946 транзакт с идентификатором 279 вышел из модели
